C51 COMPILER V9.54   MAIN                                                                  01/20/2019 09:56:48 PAGE 1   


C51 COMPILER V9.54, COMPILATION OF MODULE MAIN
OBJECT MODULE PLACED IN .\Objects\main.obj
COMPILER INVOKED BY: d:\Keil_v5\C51\BIN\C51.EXE main.c OPTIMIZE(8,SPEED) BROWSE DEBUG OBJECTEXTEND PRINT(.\Listings\main
                    -.lst) OBJECT(.\Objects\main.obj)

line level    source

   1          #include <STC89C5xRC.H>
   2          typedef unsigned int u16;
   3          typedef unsigned char u8;
   4          
   5          
   6          void close()
   7          {
   8   1              P2 = (P2 & 0X1F) | 0XA0;
   9   1              P0 = 0XAF;
  10   1              P2 = 0x1f; //关闭蜂鸣器，继电器
  11   1      }
  12          
  13          void main()
  14          {
  15   1              close();
  16   1              P2 = (P2 & 0X1F) | 0XC0; //这个是位选使能，是不是感觉和普通的
  17   1                                                                      //开发板不一样？那是由于开发板的设计决定的
  18   1                                                                      //这样做是可以保证我可以修改我想要的位而保证
  19   1                                                                      //其他位不变
  20   1              P0 = 0X01;   //位选，选第一个位
  21   1              P2 = P2 & 0X1F; //禁止使能
  22   1                      
  23   1              P2 = (P2 & 0X1F) | 0XE0; //这个是段选，也不太一样，理由同上
  24   1              P0 = 0xC0; //段选，显示一个数
  25   1              P2 = 0X1F;
  26   1              while(1);
  27   1      }


MODULE INFORMATION:   STATIC OVERLAYABLE
   CODE SIZE        =     48    ----
   CONSTANT SIZE    =   ----    ----
   XDATA SIZE       =   ----    ----
   PDATA SIZE       =   ----    ----
   DATA SIZE        =   ----    ----
   IDATA SIZE       =   ----    ----
   BIT SIZE         =   ----    ----
END OF MODULE INFORMATION.


C51 COMPILATION COMPLETE.  0 WARNING(S),  0 ERROR(S)
